Checking IBC client status for 168 unique channels (1183 IBC assets in frontend)...

Checking counterparty client status for 3 channel(s)...

No changes needed.

======================================================================
  IBC CLIENT HEALTH SUMMARY
======================================================================
  Channels checked      : 168
  Active assets         : 821
  Already flagged       : 348
  Newly flagged         : 0
  Flag cleared          : 0
  Entry removed         : 0
  Counterparty skipped  : 13
  Errors                : 0
======================================================================

🟡 SKIPPED CLEAR (Osmosis active but counterparty unconfirmed):
  EVMOS                transfer/channel-204/aevmos                   counterparty=evmos/channel-0 status=Expired
  NEOK                 transfer/channel-204/erc20/0x655ecB57432CC1370f65e5dc2309588b71b473A9 counterparty=evmos/channel-0 status=Expired
  BERLIN-legacy        transfer/channel-204/erc20/0x1cFc8f1FE8D5668BAFF2724547EcDbd6f013a280 counterparty=evmos/channel-0 status=Expired
  CROWDP               transfer/channel-204/erc20/0xfbF4318d24a93753F11d365A6dcF8b830e98Ab0F counterparty=evmos/channel-0 status=Expired
  ALTER                transfer/channel-476/cw20:secret12rcvz0umvk875kd6a803txhtlu7y0pnd73kcej counterparty=secretnetwork/channel-44 status=unknown
  BUTT                 transfer/channel-476/cw20:secret1yxcexylwyxlq58umhgsjgstgcg2a0ytfy4d9lt counterparty=secretnetwork/channel-44 status=unknown
  SHD.old              transfer/channel-476/cw20:secret1qfql357amn448duf5gvp9gr48sxx9tsnhupu3d counterparty=secretnetwork/channel-44 status=unknown
  SIENNA               transfer/channel-476/cw20:secret1rgm2m5t530tdzyd99775n6vzumxa5luxcllml4 counterparty=secretnetwork/channel-44 status=unknown
  stkd-SCRT            transfer/channel-476/cw20:secret1k6u0cy4feepm6pehnz804zmwakuwdapm69tuc4 counterparty=secretnetwork/channel-44 status=unknown
  AMBER                transfer/channel-476/cw20:secret1s09x2xvfd2lp2skgzm29w2xtena7s8fq98v852 counterparty=secretnetwork/channel-44 status=unknown
  SILK                 transfer/channel-476/cw20:secret1fl449muk5yq8dlad7a22nje4p5d2pnsgymhjfd counterparty=secretnetwork/channel-44 status=unknown
  SHD                  transfer/channel-476/cw20:secret153wu605vvp934xhd4k9dtd640zsep5jkesstdm counterparty=secretnetwork/channel-44 status=unknown
  PUPPY                transfer/channel-11348/cw20:chihuahua1yl8z39ugle8s02fpwkhh293509q5xcpalmdzc4amvchz8nkexrmsy95gef counterparty=chihuahua/channel-73 status=unknown

IBC_NEWLY_FLAGGED=0
IBC_NEWLY_CLEARED=0
IBC_ERRORS=0
